<?xml version="1.0" encoding="UTF-8"?>
<!-- Generated by org.testng.reporters.JUnitReportReporter -->
<testsuite hostname="rivigo-Latitude-3490" failures="0" tests="2" name="TestClass" time="0.004" errors="0" timestamp="2022-01-24T17:46:29 IST" skipped="0">
  <testcase classname="TestClass" name="test2" time="0.000"/>
  <system-out/>
  <testcase classname="TestClass" name="test1" time="0.004"/>
  <system-out/>
</testsuite> <!-- TestClass -->
